<?xml version="1.0" encoding="UTF-8"?>
<!-- Generated by org.testng.reporters.JUnitReportReporter -->
<testsuite hostname="LAPTOP-1LL282FT" failures="0" tests="3" name="runners.Pagerunner" time="23.790" errors="0" timestamp="2023-03-17T15:28:08 IST" skipped="0">
  <testcase classname="runners.Pagerunner" name="runScenario" time="10.580"/>
  <system-out/>
  <testcase classname="runners.Pagerunner" name="runScenario" time="0.131"/>
  <system-out/>
  <testcase classname="runners.Pagerunner" name="runScenario" time="13.079"/>
  <system-out/>
</testsuite> <!-- runners.Pagerunner -->
